c:\users\user\desktop\source\directx\portfolio\dx2dportfolio\ar41engine\bin\ar41engine_debug.pdb
c:\users\user\desktop\source\directx\portfolio\dx2dportfolio\ar41engine\bin\ar41engine_debug.idb
c:\users\user\desktop\source\directx\portfolio\dx2dportfolio\ar41engine\binobjdebug\unity_slcrd1s3gbo4vm1v.obj
c:\users\user\desktop\source\directx\portfolio\dx2dportfolio\ar41engine\bin\collider.cso
c:\users\user\desktop\source\directx\portfolio\dx2dportfolio\ar41engine\bin\sprite.cso
c:\users\user\desktop\source\directx\portfolio\dx2dportfolio\ar41engine\bin\tilemap.cso
c:\users\user\desktop\source\directx\portfolio\dx2dportfolio\ar41engine\bin\ui.cso
c:\users\user\desktop\source\directx\portfolio\dx2dportfolio\ar41engine\bin\ar41engine_debug.lib
c:\users\user\desktop\source\directx\portfolio\dx2dportfolio\ar41engine\binobjdebug\../bin/ar41engine_debug.pdb
c:\users\user\desktop\source\directx\portfolio\dx2dportfolio\ar41engine\binobjdebug\../binobjdebug/ar41engine.vcxproj.filelistabsolute.txt
c:\users\user\desktop\source\directx\portfolio\dx2dportfolio\ar41engine\binobjdebug\ar41engine.tlog\cl.command.1.tlog
c:\users\user\desktop\source\directx\portfolio\dx2dportfolio\ar41engine\binobjdebug\ar41engine.tlog\cl.items.tlog
c:\users\user\desktop\source\directx\portfolio\dx2dportfolio\ar41engine\binobjdebug\ar41engine.tlog\cl.read.1.tlog
c:\users\user\desktop\source\directx\portfolio\dx2dportfolio\ar41engine\binobjdebug\ar41engine.tlog\cl.write.1.tlog
c:\users\user\desktop\source\directx\portfolio\dx2dportfolio\ar41engine\binobjdebug\ar41engine.tlog\fxc.command.1.tlog
c:\users\user\desktop\source\directx\portfolio\dx2dportfolio\ar41engine\binobjdebug\ar41engine.tlog\fxc.read.1.tlog
c:\users\user\desktop\source\directx\portfolio\dx2dportfolio\ar41engine\binobjdebug\ar41engine.tlog\fxc.write.1.tlog
c:\users\user\desktop\source\directx\portfolio\dx2dportfolio\ar41engine\binobjdebug\ar41engine.tlog\lib-link.read.1.tlog
c:\users\user\desktop\source\directx\portfolio\dx2dportfolio\ar41engine\binobjdebug\ar41engine.tlog\lib-link.write.1.tlog
c:\users\user\desktop\source\directx\portfolio\dx2dportfolio\ar41engine\binobjdebug\ar41engine.tlog\lib.command.1.tlog
